<?xml version="1.0" encoding="UTF-8"?>
<testsuite xmlns:xsi="http://www.w3.org/2001/XMLSchema-instance" xsi:noNamespaceSchemaLocation="https://maven.apache.org/surefire/maven-surefire-plugin/xsd/surefire-test-report-3.0.xsd" version="3.0" name="pe.edu.upeu.sysalmacenfx.SysAlmacenFxApplicationTests" time="12.602" tests="1" errors="0" skipped="0" failures="0">
  <properties>
[...]
</properties>
  <testcase name="contextLoads" classname="pe.edu.upeu.sysalmacenfx.SysAlmacenFxApplicationTests" time="0.866">
    <system-out><![CDATA[18:03:28.615 [main] INFO org.springframework.test.context.support.AnnotationConfigContextLoaderUtils -- Could not detect default configuration classes for test class [pe.edu.upeu.sysalmacenfx.SysAlmacenFxApplicationTests]: SysAlmacenFxApplicationTests does not declare any static, non-private, non-final, nested classes annotated with @Configuration.
18:03:28.924 [main] INFO org.springframework.boot.test.context.SpringBootTestContextBootstrapper -- Found @SpringBootConfiguration pe.edu.upeu.sysalmacenfx.SysAlmacenFxApplication for test class pe.edu.upeu.sysalmacenfx.SysAlmacenFxApplicationTests

  .   ____          _            __ _ _
 /\\ / ___'_ __ _ _(_)_ __  __ _ \ \ \ \
( ( )\___ | '_ | '_| | '_ \/ _` | \ \ \ \
 \\/  ___)| |_)| | | | | || (_| |  ) ) ) )
  '  |____| .__|_| |_|_| |_\__, | / / / /
 =========|_|==============|___/=/_/_/_/

 :: Spring Boot ::                (v3.3.4)

2024-10-06T18:03:29.973-05:00  INFO 19536 --- [SysAlmacenFX] [           main] p.e.u.s.SysAlmacenFxApplicationTests     : Starting SysAlmacenFxApplicationTests using Java 18.0.1.1 with PID 19536 (started by USUARIO in D:\POO\DESARROLLO\POO2024_C2_C1\POO2024_C2_C1\SysAlmacenFX)
2024-10-06T18:03:29.976-05:00  INFO 19536 --- [SysAlmacenFX] [           main] p.e.u.s.SysAlmacenFxApplicationTests     : No active profile set, falling back to 1 default profile: "default"
2024-10-06T18:03:31.686-05:00  INFO 19536 --- [SysAlmacenFX] [           main] .s.d.r.c.RepositoryConfigurationDelegate : Bootstrapping Spring Data JPA repositories in DEFAULT mode.
2024-10-06T18:03:31.772-05:00  INFO 19536 --- [SysAlmacenFX] [           main] .s.d.r.c.RepositoryConfigurationDelegate : Finished Spring Data repository scanning in 56 ms. Found 0 JPA repository interfaces.
2024-10-06T18:03:34.005-05:00  INFO 19536 --- [SysAlmacenFX] [           main] o.hibernate.jpa.internal.util.LogHelper  : HHH000204: Processing PersistenceUnitInfo [name: default]
2024-10-06T18:03:34.160-05:00  INFO 19536 --- [SysAlmacenFX] [           main] org.hibernate.Version                    : HHH000412: Hibernate ORM core version 6.5.3.Final
2024-10-06T18:03:34.270-05:00  INFO 19536 --- [SysAlmacenFX] [           main] o.h.c.internal.RegionFactoryInitiator    : HHH000026: Second-level cache disabled
2024-10-06T18:03:35.211-05:00  INFO 19536 --- [SysAlmacenFX] [           main] o.s.o.j.p.SpringPersistenceUnitInfo      : No LoadTimeWeaver setup: ignoring JPA class transformer
2024-10-06T18:03:35.305-05:00  INFO 19536 --- [SysAlmacenFX] [           main] com.zaxxer.hikari.HikariDataSource       : HikariPool-1 - Starting...
2024-10-06T18:03:35.548-05:00  INFO 19536 --- [SysAlmacenFX] [           main] com.zaxxer.hikari.pool.HikariPool        : HikariPool-1 - Added connection org.sqlite.jdbc4.JDBC4Connection@a0c5be
2024-10-06T18:03:35.552-05:00  INFO 19536 --- [SysAlmacenFX] [           main] com.zaxxer.hikari.HikariDataSource       : HikariPool-1 - Start completed.
2024-10-06T18:03:38.728-05:00  INFO 19536 --- [SysAlmacenFX] [           main] o.h.e.t.j.p.i.JtaPlatformInitiator       : HHH000489: No JTA platform available (set 'hibernate.transaction.jta.platform' to enable JTA platform integration)
Hibernate: create table upeu_cliente (dniruc varchar(12) not null, nombres varchar(160) not null, rep_legal varchar(160), tipo_documento varchar(12) not null, primary key (dniruc))
Hibernate: create table upeu_comp_carrito (id_compcarrito integer, cantidad float not null, estado integer not null, nombre_producto varchar(160) not null, ptotal float not null, punitario float not null, id_producto bigint not null, id_proveedor bigint not null, id_usuario bigint not null, primary key (id_compcarrito))
Hibernate: create table upeu_compra (id_compra integer, fecha_comp date not null, fecha_reg timestamp not null, igv float not null, num_doc varchar(20) not null, precio_base float not null, preciototal float not null, serie varchar(20) not null, tipo_doc varchar(12) not null, id_proveedor bigint not null, id_usuario bigint not null, primary key (id_compra))
Hibernate: create table upeu_compra_detalle (id_compra_detalle integer, cantidad float not null, pu float not null, subtotal float not null, id_compra bigint not null, id_producto bigint not null, primary key (id_compra_detalle))
Hibernate: create table upeu_emisor (id_emisor integer, departamento varchar(60) not null, distrito varchar(60) not null, domicilio_fiscal varchar(120) not null, nombre_comercial varchar(160) not null, provincia varchar(60) not null, ruc varchar(12) not null, ubigeo varchar(8) not null, urbanizacion varchar(60) not null, primary key (id_emisor))
Hibernate: create table upeu_perfil (id_perfil integer, codigo varchar(6), nombre varchar(40), primary key (id_perfil))
Hibernate: create table upeu_proveedor (id_proveedor integer, celular varchar(10) not null, direccion varchar(120) not null, dniruc varchar(12) not null, email varchar(100) not null, nombres_raso varchar(120) not null, tipo_doc varchar(12) not null, primary key (id_proveedor))
Hibernate: create table upeu_usuario (id_usuario integer, clave varchar(100) not null, estado varchar(10) not null, user varchar(20) not null unique, id_perfil bigint not null, primary key (id_usuario))
Hibernate: create table upeu_vent_carrito (id_carrito integer, cantidad float not null, dniruc varchar(12) not null, estado integer not null, nombre_producto varchar(120) not null, ptotal float not null, punitario float not null, id_producto bigint not null, id_usuario bigint not null, primary key (id_carrito))
Hibernate: create table upeu_venta (id_venta integer, fecha_gener timestamp not null, igv float not null, num_doc varchar(20) not null, preciobase float not null, preciototal float not null, serie varchar(20) not null, tipo_doc varchar(10) not null, dniruc varchar(12) not null, id_usuario bigint not null, primary key (id_venta))
Hibernate: create table upeu_venta_detalle (id_venta_detalle integer, cantidad float not null, descuento float not null, pu float not null, subtotal float not null, id_producto bigint not null, id_venta bigint not null, primary key (id_venta_detalle))
Hibernate: alter table upeu_usuario drop constraint UKnglinedpa99qfym8jreg27mx8
2024-10-06T18:03:38.875-05:00  INFO 19536 --- [SysAlmacenFX] [           main] j.LocalContainerEntityManagerFactoryBean : Initialized JPA EntityManagerFactory for persistence unit 'default'
2024-10-06T18:03:39.306-05:00  INFO 19536 --- [SysAlmacenFX] [           main] p.e.u.s.SysAlmacenFxApplicationTests     : Started SysAlmacenFxApplicationTests in 9.965 seconds (process running for 14.213)
]]></system-out>
  </testcase>
</testsuite>